2026-02-02 01:54:34,408 - __main__ - INFO - ============================================================
2026-02-02 01:54:34,408 - __main__ - INFO -        Telco Customer Churn Prediction Project       
2026-02-02 01:54:34,408 - __main__ - INFO - ============================================================
2026-02-02 01:54:34,408 - __main__ - INFO - 
>>> Step 1: Running Data Pipeline (Loading + Cleaning + Preprocessing)
2026-02-02 01:54:34,408 - data_pipeline - INFO - ============ Starting Data Pipeline ============
2026-02-02 01:54:34,408 - data_pipeline - INFO - Loading Dataset
2026-02-02 01:54:34,461 - data_pipeline - INFO - ============ Basic Functions ============
2026-02-02 01:54:34,461 - data_pipeline - INFO - Information About Data:
2026-02-02 01:54:34,483 - data_pipeline - INFO - Statistical operations:
2026-02-02 01:54:34,490 - data_pipeline - INFO - Rows & Columns of Data:
2026-02-02 01:54:34,490 - data_pipeline - INFO - Columns of Data:
2026-02-02 01:54:34,490 - data_pipeline - INFO - Data Types:
2026-02-02 01:54:34,490 - data_pipeline - INFO - Display Index Range:
2026-02-02 01:54:34,491 - data_pipeline - INFO - ============ Cleaning Data ============
2026-02-02 01:54:34,491 - data_pipeline - INFO - Number of duplicate rows:
2026-02-02 01:54:34,501 - data_pipeline - INFO - 0
2026-02-02 01:54:34,501 - data_pipeline - INFO - Number of Missing Values:
2026-02-02 01:54:34,505 - data_pipeline - INFO - ============ Data Preprocessing ============
2026-02-02 01:54:34,505 - data_pipeline - INFO - Converting TotalCharges to numeric and filling missing values...
2026-02-02 01:54:34,508 - data_pipeline - INFO - Convert all "Yes/No" values to 0/1
2026-02-02 01:54:34,510 - data_pipeline - INFO - Replacing "No phone service" with "No" in MultipleLines...
2026-02-02 01:54:34,511 - data_pipeline - INFO - Replacing "No internet service" with "No" in service columns...
2026-02-02 01:54:34,515 - data_pipeline - INFO - Processed Dataset Preview:
2026-02-02 01:54:34,518 - data_pipeline - INFO - Final Data Types:
2026-02-02 01:54:34,563 - data_pipeline - INFO - Skewness of tenure:0.2395397495619829
2026-02-02 01:54:38,639 - data_pipeline - INFO - Skewness of MonthlyCharges:-0.22052443394398033
2026-02-02 01:54:41,765 - data_pipeline - INFO - Treatment Skew of TotalCharges:0.309873916659052
2026-02-02 01:54:43,025 - data_pipeline - INFO - --- tenure ---
2026-02-02 01:54:43,025 - data_pipeline - INFO - IQR: 46.00
2026-02-02 01:54:43,025 - data_pipeline - INFO - Lower Bound: -60.00, Upper Bound: 124.00
2026-02-02 01:54:43,025 - data_pipeline - INFO - Number of Outliers: 0

2026-02-02 01:54:43,026 - data_pipeline - INFO - --- MonthlyCharges ---
2026-02-02 01:54:43,026 - data_pipeline - INFO - IQR: 54.35
2026-02-02 01:54:43,026 - data_pipeline - INFO - Lower Bound: -46.02, Upper Bound: 171.38
2026-02-02 01:54:43,026 - data_pipeline - INFO - Number of Outliers: 0

2026-02-02 01:54:43,027 - data_pipeline - INFO - --- TotalCharges ---
2026-02-02 01:54:43,027 - data_pipeline - INFO - IQR: 41.57
2026-02-02 01:54:43,027 - data_pipeline - INFO - Lower Bound: -42.39, Upper Bound: 123.89
2026-02-02 01:54:43,027 - data_pipeline - INFO - Number of Outliers: 0

2026-02-02 01:54:45,108 - data_pipeline - INFO - ============ Data Pipeline Completed ============
2026-02-02 01:54:45,108 - __main__ - INFO - Data Pipeline Completed!

2026-02-02 01:54:45,108 - __main__ - INFO - >>> Step 2: Basic Exploratory Data Analysis
2026-02-02 01:54:45,108 - basic_eda - INFO - ============ Exploratory Data Analysis (Basic) & Visualization ============
2026-02-02 01:54:45,108 - basic_eda - INFO - What is the distribution of gender in the dataset?
2026-02-02 01:54:45,109 - basic_eda - INFO - Distribution of Female: 49.6% , Male: 50.4%
2026-02-02 01:54:46,982 - basic_eda - INFO - How many customers are Senior Citizens?
2026-02-02 01:54:46,983 - basic_eda - INFO - Percentage of customers Senior Citizens (olderly people) = 16.2%
2026-02-02 01:54:47,071 - matplotlib.category - INFO - Using categorical units to plot a list of strings that are all parsable as floats or dates. If these strings should be plotted as numbers, cast to the appropriate data type before plotting.
2026-02-02 01:54:47,075 - matplotlib.category - INFO - Using categorical units to plot a list of strings that are all parsable as floats or dates. If these strings should be plotted as numbers, cast to the appropriate data type before plotting.
2026-02-02 01:54:48,177 - basic_eda - INFO - How many customers have partners?
2026-02-02 01:54:48,178 - basic_eda - INFO - Percentage of customers Partners = 48.3%
2026-02-02 01:54:48,267 - matplotlib.category - INFO - Using categorical units to plot a list of strings that are all parsable as floats or dates. If these strings should be plotted as numbers, cast to the appropriate data type before plotting.
2026-02-02 01:54:48,274 - matplotlib.category - INFO - Using categorical units to plot a list of strings that are all parsable as floats or dates. If these strings should be plotted as numbers, cast to the appropriate data type before plotting.
2026-02-02 01:54:49,153 - basic_eda - INFO - How many customers have dependents?
2026-02-02 01:54:49,153 - basic_eda - INFO - Percentage of customers Dependents = 29.9%
2026-02-02 01:54:49,214 - matplotlib.category - INFO - Using categorical units to plot a list of strings that are all parsable as floats or dates. If these strings should be plotted as numbers, cast to the appropriate data type before plotting.
2026-02-02 01:54:49,222 - matplotlib.category - INFO - Using categorical units to plot a list of strings that are all parsable as floats or dates. If these strings should be plotted as numbers, cast to the appropriate data type before plotting.
2026-02-02 01:54:50,252 - basic_eda - INFO - What is the distribution of tenure?
2026-02-02 01:54:50,254 - basic_eda - INFO - The tenure of customers ranges from 0 to 72 months, with a mean of 32 months. Most customers have a tenure around 2-3 years. New customers (tenure ≤ 12 months) are more likely to churn, while long-term customers (tenure ≥ 49 months) tend to be loyal.
2026-02-02 01:54:51,431 - basic_eda - INFO - How many customers have Phone Service?
2026-02-02 01:54:51,432 - basic_eda - INFO - Percentage of customers there have Phone Services = 90.3%
2026-02-02 01:54:51,491 - matplotlib.category - INFO - Using categorical units to plot a list of strings that are all parsable as floats or dates. If these strings should be plotted as numbers, cast to the appropriate data type before plotting.
2026-02-02 01:54:51,495 - matplotlib.category - INFO - Using categorical units to plot a list of strings that are all parsable as floats or dates. If these strings should be plotted as numbers, cast to the appropriate data type before plotting.
2026-02-02 01:54:53,015 - basic_eda - INFO - How many customers have Multiple Lines?
2026-02-02 01:54:53,016 - basic_eda - INFO - Percentage of customers there have Multiple Lines = 86.29%
2026-02-02 01:54:54,041 - basic_eda - INFO - What is the distribution of Internet Service types?
2026-02-02 01:54:54,042 - basic_eda - INFO - Percentage of Internet Service types : Fiber optic = 44.0% , DSL = 34.4% 
2026-02-02 01:54:55,256 - basic_eda - INFO - What is the distribution of Online Security?
2026-02-02 01:54:55,257 - basic_eda - INFO - Percentage of customers there have Online Security = 28.6%
2026-02-02 01:54:56,781 - basic_eda - INFO - How many customers have Online Backup?
2026-02-02 01:54:56,782 - basic_eda - INFO - Percentage of customers there have Online Backup = 34.4%
2026-02-02 01:54:57,948 - basic_eda - INFO - How many customers have Device Protection?
2026-02-02 01:54:57,949 - basic_eda - INFO - Percentage of customers there have Device Protection = 34.3%
2026-02-02 01:54:59,077 - basic_eda - INFO - How many customers have Tech Support?
2026-02-02 01:54:59,078 - basic_eda - INFO - Percentage of customers there have Tech Support = 29.02%
2026-02-02 01:55:00,073 - basic_eda - INFO - How many customers use Streaming TV or Streaming Movies?
2026-02-02 01:55:00,074 - basic_eda - INFO - Percentage of customers use Streaming Movies = 38.79%
2026-02-02 01:55:00,075 - basic_eda - INFO - Percentage of customers use Streaming TV = 38.4%
2026-02-02 01:55:02,300 - basic_eda - INFO - What is the distribution of Contract types?
2026-02-02 01:55:02,302 - basic_eda - INFO - Percentage of Contract types --->> 
 Month-to-month: 55.0% 
 1 Year: 20.9% 
 2 Year: 24.1%
2026-02-02 01:55:03,598 - basic_eda - INFO - What is the distribution of Payment Methods?
2026-02-02 01:55:03,600 - basic_eda - INFO - Percentage of Payment Methods --->> 
 Electronic check: 33.6% 
 Mailed check: 22.9% 
 Bank transfer: 21.9% 
 Credit card: 21.6%
2026-02-02 01:55:04,539 - basic_eda - INFO - What is the distribution of Monthly Charges?
2026-02-02 01:55:04,541 - basic_eda - INFO - Insight: MonthlyCharges show that most customers pay around $65 per month, with a wide range between low-cost and premium plans. Customers paying higher charges (above $90) may have a higher churn risk.
2026-02-02 01:55:05,490 - basic_eda - INFO - How are Total Charges distributed among customers?
2026-02-02 01:55:05,492 - basic_eda - INFO - Insight: TotalCharges are widely spread, reflecting differences in customer tenure. Half of the customers have paid less than $1400, indicating a large group of newer subscribers.
2026-02-02 01:55:06,947 - basic_eda - INFO - What is the distribution of Paperless Billing usage?
2026-02-02 01:55:06,948 - basic_eda - INFO - Percentage of Paperless Billing usage = 59.2%
2026-02-02 01:55:08,229 - matplotlib.category - INFO - Using categorical units to plot a list of strings that are all parsable as floats or dates. If these strings should be plotted as numbers, cast to the appropriate data type before plotting.
2026-02-02 01:55:08,234 - matplotlib.category - INFO - Using categorical units to plot a list of strings that are all parsable as floats or dates. If these strings should be plotted as numbers, cast to the appropriate data type before plotting.
2026-02-02 01:55:09,298 - basic_eda - INFO - ============ Basic EDA Completed ============
2026-02-02 01:55:09,298 - __main__ - INFO - >>> Step 3: Advanced Exploratory Data Analysis & Churn Insights
2026-02-02 01:55:09,298 - advanced_eda - INFO - ============ Advanced Exploratory Data Analysis & Churn Insights ============
2026-02-02 01:55:09,298 - advanced_eda - INFO - What is the impact of “Contract Type” on Customer Churn?
2026-02-02 01:55:09,304 - advanced_eda - INFO - Churn count by Contract Type:
2026-02-02 01:55:09,305 - advanced_eda - INFO - Churn percentage by Contract Type:
2026-02-02 01:55:10,554 - advanced_eda - INFO - Does having “Online Security” reduce the likelihood of churn?
2026-02-02 01:55:10,556 - advanced_eda - INFO - Churn count by Online Security:
2026-02-02 01:55:10,557 - advanced_eda - INFO - Percentage of Online Security:
2026-02-02 01:55:11,512 - advanced_eda - INFO - How does “Tech Support” availability affect churn rates?
2026-02-02 01:55:11,514 - advanced_eda - INFO - Churn count by Tech Support:
2026-02-02 01:55:11,514 - advanced_eda - INFO - Percentage of Tech Support:
2026-02-02 01:55:13,547 - advanced_eda - INFO - Are customers with 'Fiber Optic' internet more likely to churn than DSL users?
2026-02-02 01:55:13,549 - advanced_eda - INFO - Churn count by Internet Service:
2026-02-02 01:55:13,550 - advanced_eda - INFO - Percentage by Internet Service:
2026-02-02 01:55:16,044 - advanced_eda - INFO - Do customers with higher “Monthly Charges” have higher churn?
2026-02-02 01:55:16,058 - advanced_eda - INFO - Churn count by Monthly Charges Category:
2026-02-02 01:55:16,059 - advanced_eda - INFO - Percentage by Monthly Charges Category:
2026-02-02 01:55:17,307 - advanced_eda - INFO - Impact of Total Charges on Customer Churn
2026-02-02 01:55:17,317 - advanced_eda - INFO - Churn count by Total Charges Category:
2026-02-02 01:55:17,318 - advanced_eda - INFO - Percentage by Total Charges Category:
2026-02-02 01:55:18,775 - advanced_eda - INFO - How does 'Tenure' influence churn probability?
2026-02-02 01:55:18,782 - advanced_eda - INFO - Churn count by Tenure Category:
2026-02-02 01:55:18,783 - advanced_eda - INFO - Percentage by Tenure Category:
2026-02-02 01:55:19,929 - advanced_eda - INFO - Does 'Payment Method' influence churn?
2026-02-02 01:55:19,933 - advanced_eda - INFO - Churn count by Payment Method:
2026-02-02 01:55:19,934 - advanced_eda - INFO - Percentage by Payment Method:
2026-02-02 01:55:20,902 - advanced_eda - INFO - Does the presence of Paperless Billing affect customer churn?
2026-02-02 01:55:20,904 - advanced_eda - INFO - Churn count by Paperless Billing:
2026-02-02 01:55:20,905 - advanced_eda - INFO - Percentage by Paperless Billing:
2026-02-02 01:55:22,734 - advanced_eda - INFO - Do customers with multiple services churn less?
2026-02-02 01:55:22,742 - advanced_eda - INFO - Churn count by Number of Services:
2026-02-02 01:55:22,742 - advanced_eda - INFO - Percentage by Number of Services:
2026-02-02 01:55:26,881 - advanced_eda - INFO - Do customers with 'Device Protection' have lower churn rates?
2026-02-02 01:55:26,883 - advanced_eda - INFO - Churn count by Device Protection:
2026-02-02 01:55:26,884 - advanced_eda - INFO - Percentage by Device Protection:
2026-02-02 01:55:28,024 - advanced_eda - INFO - How does 'TechSupport + OnlineSecurity' combination affect churn?
2026-02-02 01:55:28,027 - advanced_eda - INFO - Churn count by TechSupport + OnlineSecurity combination:
2026-02-02 01:55:28,027 - advanced_eda - INFO - Percentage by combination:
2026-02-02 01:55:29,255 - advanced_eda - INFO - Does InternetService type combined with MonthlyCharges affect churn?
2026-02-02 01:55:29,264 - advanced_eda - INFO - Percentage of Churn by InternetService + MonthlyCharges Segment:
2026-02-02 01:55:31,022 - advanced_eda - INFO - Are customers with short tenure but high monthly charges the most likely to churn?
2026-02-02 01:55:31,033 - advanced_eda - INFO - Percentage of Churn by Tenure + Monthly Charges combination:
2026-02-02 01:55:32,802 - advanced_eda - INFO - Are senior citizens more likely to churn compared to younger customers?
2026-02-02 01:55:34,725 - advanced_eda - INFO - ============ Advanced EDA Completed ============
2026-02-02 01:55:34,726 - __main__ - INFO - >>> Step 4: Building and Training CatBoost Model
2026-02-02 01:55:34,726 - model - INFO - ================ Building ML Model (Iter=1000, LR=0.03, Depth=6) ===============
2026-02-02 01:55:34,739 - model - INFO - Train → Stayed (0): 4139 | Churn (1): 1495
2026-02-02 01:55:34,739 - model - INFO - scale_pos_weight = 2.769
2026-02-02 01:55:34,739 - model - INFO - 
================= Stratified K-Fold CV =================
2026-02-02 01:55:49,062 - model - INFO - Fold 1 AUC: 0.8631
2026-02-02 01:55:57,687 - model - INFO - Fold 2 AUC: 0.8448
2026-02-02 01:56:12,511 - model - INFO - Fold 3 AUC: 0.8580
2026-02-02 01:56:24,453 - model - INFO - Fold 4 AUC: 0.8345
2026-02-02 01:56:30,917 - model - INFO - Fold 5 AUC: 0.8419
2026-02-02 01:56:30,917 - model - INFO - 
CV AUC Mean: 0.8484
2026-02-02 01:56:30,917 - model - INFO - CV AUC Std : 0.0106
2026-02-02 01:56:30,917 - model - INFO - 
================= Training Final Model =================
2026-02-02 01:56:49,128 - model - INFO - 
Best Threshold = 0.54
2026-02-02 01:56:49,128 - model - INFO - Best F1-Score = 0.6341
2026-02-02 01:56:49,128 - model - INFO - 
================= Final Evaluation =================
2026-02-02 01:56:49,128 - model - INFO - Accuracy : 0.7658
2026-02-02 01:56:49,130 - model - INFO - AUC      : 0.8456
2026-02-02 01:56:49,130 - model - INFO - 
Classification Report:

2026-02-02 01:56:49,135 - model - INFO -               precision    recall  f1-score   support

           0       0.90      0.77      0.83      1035
           1       0.54      0.76      0.63       374

    accuracy                           0.77      1409
   macro avg       0.72      0.77      0.73      1409
weighted avg       0.80      0.77      0.78      1409

2026-02-02 01:56:54,785 - model - INFO - ========================= Model Training Completed ======================
2026-02-02 01:56:54,787 - __main__ - INFO - >>> Step 5: Logging Everything to MLflow
2026-02-02 01:56:54,787 - MLflow_LifeCycle - INFO - --------------------------- Starting MLflow Tracking --------------------------
2026-02-02 01:56:54,794 - MLflow_LifeCycle - INFO - Logging metrics: AUC=0.8456, F1=0.6341
2026-02-02 01:56:55,001 - MLflow_LifeCycle - INFO - Saving and logging visualization artifacts (Confusion Matrix, Feature Importance)...
2026-02-02 01:56:55,644 - MLflow_LifeCycle - INFO - Exporting classification report and training info to JSON...
2026-02-02 01:57:00,701 - MLflow_LifeCycle - INFO - Generated predictions for 3 records using threshold 0.5400000000000001
2026-02-02 01:57:02,347 - MLflow_LifeCycle - INFO - 🚀 Model version 25 passed Quality Gate (AUC: 0.85, Recall: 0.76)
2026-02-02 01:57:02,347 - MLflow_LifeCycle - INFO - 📦 Model: Churn_Predictor_PyFunc | Version: 25
2026-02-02 01:57:02,348 - __main__ - INFO - ============================================================
2026-02-02 01:57:02,348 - __main__ - INFO -         Project Completed Successfully! ✅        
2026-02-02 01:57:02,349 - __main__ - INFO - ============================================================
